Copyright 1986-2022 Xilinx, Inc. All Rights Reserved. Copyright 2022-2025 Advanced Micro Devices, Inc. All Rights Reserved.
---------------------------------------------------------------------------------------------------------------------------------------------------------------------------------------------------------------------------------------
| Tool Version : Vivado v.2025.2 (win64) Build 6299465 Fri Nov 14 19:35:11 GMT 2025
| Date         : Sat May 16 14:34:28 2026
| Host         : WIN-9IUTA26JBLN running 64-bit major release  (build 9200)
| Command      : report_timing_summary -max_paths 10 -routable_nets -report_unconstrained -file studentID_timing_summary_routed.rpt -pb studentID_timing_summary_routed.pb -rpx studentID_timing_summary_routed.rpx -warn_on_violation
| Design       : studentID
| Device       : 7a35t-cpg236
| Speed File   : -1  PRODUCTION 1.23 2018-06-13
| Design State : Routed
---------------------------------------------------------------------------------------------------------------------------------------------------------------------------------------------------------------------------------------

Timing Summary Report

------------------------------------------------------------------------------------------------
| Timer Settings
| --------------
------------------------------------------------------------------------------------------------

  Enable Multi Corner Analysis               :  Yes
  Enable Pessimism Removal                   :  Yes
  Pessimism Removal Resolution               :  Nearest Common Node
  Enable Input Delay Default Clock           :  No
  Enable Preset / Clear Arcs                 :  No
  Disable Flight Delays                      :  No
  Ignore I/O Paths                           :  No
  Timing Early Launch at Borrowing Latches   :  No
  Borrow Time for Max Delay Exceptions       :  Yes
  Merge Timing Exceptions                    :  Yes
  Inter-SLR Compensation                     :  Conservative

  Corner  Analyze    Analyze    
  Name    Max Paths  Min Paths  
  ------  ---------  ---------  
  Slow    Yes        Yes        
  Fast    Yes        Yes        


------------------------------------------------------------------------------------------------
| Report Methodology
| ------------------
------------------------------------------------------------------------------------------------

No report available as report_methodology has not been run prior. Run report_methodology on the current design for the summary of methodology violations.



check_timing report

Table of Contents
-----------------
1. checking no_clock (0)
2. checking constant_clock (0)
3. checking pulse_width_clock (0)
4. checking unconstrained_internal_endpoints (0)
5. checking no_input_delay (0)
6. checking no_output_delay (0)
7. checking multiple_clock (0)
8. checking generated_clocks (0)
9. checking loops (0)
10. checking partial_input_delay (0)
11. checking partial_output_delay (0)
12. checking latch_loops (0)

1. checking no_clock (0)
------------------------
 There are 0 register/latch pins with no clock.


2. checking constant_clock (0)
------------------------------
 There are 0 register/latch pins with constant_clock.


3. checking pulse_width_clock (0)
---------------------------------
 There are 0 register/latch pins which need pulse_width check


4. checking unconstrained_internal_endpoints (0)
------------------------------------------------
 There are 0 pins that are not constrained for maximum delay.

 There are 0 pins that are not constrained for maximum delay due to constant clock.


5. checking no_input_delay (0)
------------------------------
 There are 0 input ports with no input delay specified.

 There are 0 input ports with no input delay but user has a false path constraint.


6. checking no_output_delay (0)
-------------------------------
 There are 0 ports with no output delay specified.

 There are 0 ports with no output delay but user has a false path constraint

 There are 0 ports with no output delay but with a timing clock defined on it or propagating through it


7. checking multiple_clock (0)
------------------------------
 There are 0 register/latch pins with multiple clocks.


8. checking generated_clocks (0)
--------------------------------
 There are 0 generated clocks that are not connected to a clock source.


9. checking loops (0)
---------------------
 There are 0 combinational loops in the design.


10. checking partial_input_delay (0)
------------------------------------
 There are 0 input ports with partial input delay specified.


11. checking partial_output_delay (0)
-------------------------------------
 There are 0 ports with partial output delay specified.


12. checking latch_loops (0)
----------------------------
 There are 0 combinational latch loops in the design through latch input



------------------------------------------------------------------------------------------------
| Design Timing Summary
| ---------------------
------------------------------------------------------------------------------------------------

    WNS(ns)      TNS(ns)  TNS Failing Endpoints  TNS Total Endpoints      WHS(ns)      THS(ns)  THS Failing Endpoints  THS Total Endpoints     WPWS(ns)     TPWS(ns)  TPWS Failing Endpoints  TPWS Total Endpoints  
    -------      -------  ---------------------  -------------------      -------      -------  ---------------------  -------------------     --------     --------  ----------------------  --------------------  
        inf        0.000                      0                    7          inf        0.000                      0                    7           NA           NA                      NA                    NA  


There are no user specified timing constraints.


------------------------------------------------------------------------------------------------
| Clock Summary
| -------------
------------------------------------------------------------------------------------------------


------------------------------------------------------------------------------------------------
| Intra Clock Table
| -----------------
------------------------------------------------------------------------------------------------

Clock             WNS(ns)      TNS(ns)  TNS Failing Endpoints  TNS Total Endpoints      WHS(ns)      THS(ns)  THS Failing Endpoints  THS Total Endpoints     WPWS(ns)     TPWS(ns)  TPWS Failing Endpoints  TPWS Total Endpoints  
-----             -------      -------  ---------------------  -------------------      -------      -------  ---------------------  -------------------     --------     --------  ----------------------  --------------------  


------------------------------------------------------------------------------------------------
| Inter Clock Table
| -----------------
------------------------------------------------------------------------------------------------

From Clock    To Clock          WNS(ns)      TNS(ns)  TNS Failing Endpoints  TNS Total Endpoints      WHS(ns)      THS(ns)  THS Failing Endpoints  THS Total Endpoints  
----------    --------          -------      -------  ---------------------  -------------------      -------      -------  ---------------------  -------------------  


------------------------------------------------------------------------------------------------
| Other Path Groups Table
| -----------------------
------------------------------------------------------------------------------------------------

Path Group    From Clock    To Clock          WNS(ns)      TNS(ns)  TNS Failing Endpoints  TNS Total Endpoints      WHS(ns)      THS(ns)  THS Failing Endpoints  THS Total Endpoints  
----------    ----------    --------          -------      -------  ---------------------  -------------------      -------      -------  ---------------------  -------------------  


------------------------------------------------------------------------------------------------
| User Ignored Path Table
| -----------------------
------------------------------------------------------------------------------------------------

Path Group    From Clock    To Clock    
----------    ----------    --------    


------------------------------------------------------------------------------------------------
| Unconstrained Path Table
| ------------------------
------------------------------------------------------------------------------------------------

Path Group    From Clock    To Clock    
----------    ----------    --------    
(none)                                    


------------------------------------------------------------------------------------------------
| Timing Details
| --------------
------------------------------------------------------------------------------------------------


--------------------------------------------------------------------------------------
Path Group:  (none)
From Clock:  
  To Clock:  

Max Delay             7 Endpoints
Min Delay             7 Endpoints
--------------------------------------------------------------------------------------


Max Delay Paths
--------------------------------------------------------------------------------------
Slack:                    inf
  Source:                 Cin
                            (input port)
  Destination:            leds[7]
                            (output port)
  Path Group:             (none)
  Path Type:              Max at Slow Process Corner
  Data Path Delay:        12.973ns  (logic 5.434ns (41.891%)  route 7.538ns (58.109%))
  Logic Levels:           4  (IBUF=1 LUT2=1 LUT6=1 OBUF=1)

    Location             Delay type                Incr(ns)  Path(ns)    Netlist Resource(s)
  -------------------------------------------------------------------    -------------------
    W13                                               0.000     0.000 r  Cin (IN)
                         net (fo=0)                   0.000     0.000    Cin
    W13                  IBUF (Prop_ibuf_I_O)         1.459     1.459 r  Cin_IBUF_inst/O
                         net (fo=4, routed)           3.982     5.441    Cin_IBUF
    SLICE_X65Y42         LUT2 (Prop_lut2_I1_O)        0.118     5.559 r  leds_OBUF[1]_inst_i_5/O
                         net (fo=6, routed)           0.850     6.409    p_0_in[2]
    SLICE_X64Y41         LUT6 (Prop_lut6_I0_O)        0.326     6.735 r  leds_OBUF[7]_inst_i_1/O
                         net (fo=1, routed)           2.707     9.441    leds_OBUF[7]
    U7                   OBUF (Prop_obuf_I_O)         3.531    12.973 r  leds_OBUF[7]_inst/O
                         net (fo=0)                   0.000    12.973    leds[7]
    U7                                                                r  leds[7] (OUT)
  -------------------------------------------------------------------    -------------------

Slack:                    inf
  Source:                 Cin
                            (input port)
  Destination:            leds[4]
                            (output port)
  Path Group:             (none)
  Path Type:              Max at Slow Process Corner
  Data Path Delay:        12.830ns  (logic 5.438ns (42.388%)  route 7.392ns (57.612%))
  Logic Levels:           4  (IBUF=1 LUT5=1 LUT6=1 OBUF=1)

    Location             Delay type                Incr(ns)  Path(ns)    Netlist Resource(s)
  -------------------------------------------------------------------    -------------------
    W13                                               0.000     0.000 r  Cin (IN)
                         net (fo=0)                   0.000     0.000    Cin
    W13                  IBUF (Prop_ibuf_I_O)         1.459     1.459 r  Cin_IBUF_inst/O
                         net (fo=4, routed)           3.841     5.300    Cin_IBUF
    SLICE_X65Y41         LUT5 (Prop_lut5_I4_O)        0.118     5.418 r  leds_OBUF[1]_inst_i_2/O
                         net (fo=6, routed)           0.936     6.354    w1[1]
    SLICE_X64Y41         LUT6 (Prop_lut6_I0_O)        0.326     6.680 r  leds_OBUF[1]_inst_i_1/O
                         net (fo=2, routed)           2.615     9.295    leds_OBUF[4]
    V8                   OBUF (Prop_obuf_I_O)         3.536    12.830 r  leds_OBUF[4]_inst/O
                         net (fo=0)                   0.000    12.830    leds[4]
    V8                                                                r  leds[4] (OUT)
  -------------------------------------------------------------------    -------------------

Slack:                    inf
  Source:                 Cin
                            (input port)
  Destination:            leds[6]
                            (output port)
  Path Group:             (none)
  Path Type:              Max at Slow Process Corner
  Data Path Delay:        12.733ns  (logic 5.407ns (42.466%)  route 7.326ns (57.534%))
  Logic Levels:           4  (IBUF=1 LUT2=1 LUT6=1 OBUF=1)

    Location             Delay type                Incr(ns)  Path(ns)    Netlist Resource(s)
  -------------------------------------------------------------------    -------------------
    W13                                               0.000     0.000 r  Cin (IN)
                         net (fo=0)                   0.000     0.000    Cin
    W13                  IBUF (Prop_ibuf_I_O)         1.459     1.459 r  Cin_IBUF_inst/O
                         net (fo=4, routed)           3.982     5.441    Cin_IBUF
    SLICE_X65Y42         LUT2 (Prop_lut2_I1_O)        0.118     5.559 r  leds_OBUF[1]_inst_i_5/O
                         net (fo=6, routed)           0.836     6.395    p_0_in[2]
    SLICE_X64Y41         LUT6 (Prop_lut6_I3_O)        0.326     6.721 r  leds_OBUF[6]_inst_i_1/O
                         net (fo=1, routed)           2.508     9.229    leds_OBUF[6]
    V5                   OBUF (Prop_obuf_I_O)         3.504    12.733 r  leds_OBUF[6]_inst/O
                         net (fo=0)                   0.000    12.733    leds[6]
    V5                                                                r  leds[6] (OUT)
  -------------------------------------------------------------------    -------------------

Slack:                    inf
  Source:                 Cin
                            (input port)
  Destination:            leds[5]
                            (output port)
  Path Group:             (none)
  Path Type:              Max at Slow Process Corner
  Data Path Delay:        12.547ns  (logic 5.423ns (43.219%)  route 7.124ns (56.781%))
  Logic Levels:           4  (IBUF=1 LUT5=1 LUT6=1 OBUF=1)

    Location             Delay type                Incr(ns)  Path(ns)    Netlist Resource(s)
  -------------------------------------------------------------------    -------------------
    W13                                               0.000     0.000 r  Cin (IN)
                         net (fo=0)                   0.000     0.000    Cin
    W13                  IBUF (Prop_ibuf_I_O)         1.459     1.459 r  Cin_IBUF_inst/O
                         net (fo=4, routed)           3.841     5.300    Cin_IBUF
    SLICE_X65Y41         LUT5 (Prop_lut5_I4_O)        0.118     5.418 r  leds_OBUF[1]_inst_i_2/O
                         net (fo=6, routed)           0.926     6.344    w1[1]
    SLICE_X64Y41         LUT6 (Prop_lut6_I4_O)        0.326     6.670 r  leds_OBUF[5]_inst_i_1/O
                         net (fo=1, routed)           2.358     9.027    leds_OBUF[5]
    U5                   OBUF (Prop_obuf_I_O)         3.520    12.547 r  leds_OBUF[5]_inst/O
                         net (fo=0)                   0.000    12.547    leds[5]
    U5                                                                r  leds[5] (OUT)
  -------------------------------------------------------------------    -------------------

Slack:                    inf
  Source:                 Cin
                            (input port)
  Destination:            leds[3]
                            (output port)
  Path Group:             (none)
  Path Type:              Max at Slow Process Corner
  Data Path Delay:        12.523ns  (logic 5.242ns (41.860%)  route 7.281ns (58.140%))
  Logic Levels:           4  (IBUF=1 LUT3=1 LUT6=1 OBUF=1)

    Location             Delay type                Incr(ns)  Path(ns)    Netlist Resource(s)
  -------------------------------------------------------------------    -------------------
    W13                                               0.000     0.000 r  Cin (IN)
                         net (fo=0)                   0.000     0.000    Cin
    W13                  IBUF (Prop_ibuf_I_O)         1.459     1.459 r  Cin_IBUF_inst/O
                         net (fo=4, routed)           3.982     5.441    Cin_IBUF
    SLICE_X65Y42         LUT3 (Prop_lut3_I0_O)        0.124     5.565 r  leds_OBUF[1]_inst_i_6/O
                         net (fo=6, routed)           0.842     6.407    leds_OBUF[1]_inst_i_6_n_0
    SLICE_X65Y41         LUT6 (Prop_lut6_I5_O)        0.124     6.531 r  leds_OBUF[3]_inst_i_1/O
                         net (fo=1, routed)           2.456     8.988    leds_OBUF[3]
    U8                   OBUF (Prop_obuf_I_O)         3.535    12.523 r  leds_OBUF[3]_inst/O
                         net (fo=0)                   0.000    12.523    leds[3]
    U8                                                                r  leds[3] (OUT)
  -------------------------------------------------------------------    -------------------

Slack:                    inf
  Source:                 Cin
                            (input port)
  Destination:            leds[1]
                            (output port)
  Path Group:             (none)
  Path Type:              Max at Slow Process Corner
  Data Path Delay:        12.520ns  (logic 5.414ns (43.238%)  route 7.107ns (56.762%))
  Logic Levels:           4  (IBUF=1 LUT5=1 LUT6=1 OBUF=1)

    Location             Delay type                Incr(ns)  Path(ns)    Netlist Resource(s)
  -------------------------------------------------------------------    -------------------
    W13                                               0.000     0.000 r  Cin (IN)
                         net (fo=0)                   0.000     0.000    Cin
    W13                  IBUF (Prop_ibuf_I_O)         1.459     1.459 r  Cin_IBUF_inst/O
                         net (fo=4, routed)           3.841     5.300    Cin_IBUF
    SLICE_X65Y41         LUT5 (Prop_lut5_I4_O)        0.118     5.418 r  leds_OBUF[1]_inst_i_2/O
                         net (fo=6, routed)           0.936     6.354    w1[1]
    SLICE_X64Y41         LUT6 (Prop_lut6_I0_O)        0.326     6.680 r  leds_OBUF[1]_inst_i_1/O
                         net (fo=2, routed)           2.330     9.010    leds_OBUF[4]
    W7                   OBUF (Prop_obuf_I_O)         3.511    12.520 r  leds_OBUF[1]_inst/O
                         net (fo=0)                   0.000    12.520    leds[1]
    W7                                                                r  leds[1] (OUT)
  -------------------------------------------------------------------    -------------------

Slack:                    inf
  Source:                 Cin
                            (input port)
  Destination:            leds[2]
                            (output port)
  Path Group:             (none)
  Path Type:              Max at Slow Process Corner
  Data Path Delay:        12.395ns  (logic 5.432ns (43.824%)  route 6.963ns (56.176%))
  Logic Levels:           4  (IBUF=1 LUT2=1 LUT6=1 OBUF=1)

    Location             Delay type                Incr(ns)  Path(ns)    Netlist Resource(s)
  -------------------------------------------------------------------    -------------------
    W13                                               0.000     0.000 r  Cin (IN)
                         net (fo=0)                   0.000     0.000    Cin
    W13                  IBUF (Prop_ibuf_I_O)         1.459     1.459 r  Cin_IBUF_inst/O
                         net (fo=4, routed)           3.982     5.441    Cin_IBUF
    SLICE_X65Y42         LUT2 (Prop_lut2_I1_O)        0.118     5.559 r  leds_OBUF[1]_inst_i_5/O
                         net (fo=6, routed)           0.813     6.372    p_0_in[2]
    SLICE_X65Y41         LUT6 (Prop_lut6_I1_O)        0.326     6.698 r  leds_OBUF[2]_inst_i_1/O
                         net (fo=1, routed)           2.169     8.866    leds_OBUF[2]
    W6                   OBUF (Prop_obuf_I_O)         3.529    12.395 r  leds_OBUF[2]_inst/O
                         net (fo=0)                   0.000    12.395    leds[2]
    W6                                                                r  leds[2] (OUT)
  -------------------------------------------------------------------    -------------------





Min Delay Paths
--------------------------------------------------------------------------------------
Slack:                    inf
  Source:                 X[2]
                            (input port)
  Destination:            leds[1]
                            (output port)
  Path Group:             (none)
  Path Type:              Min at Fast Process Corner
  Data Path Delay:        2.576ns  (logic 1.480ns (57.456%)  route 1.096ns (42.544%))
  Logic Levels:           3  (IBUF=1 LUT6=1 OBUF=1)

    Location             Delay type                Incr(ns)  Path(ns)    Netlist Resource(s)
  -------------------------------------------------------------------    -------------------
    T1                                                0.000     0.000 r  X[2] (IN)
                         net (fo=0)                   0.000     0.000    X[2]
    T1                   IBUF (Prop_ibuf_I_O)         0.223     0.223 r  X_IBUF[2]_inst/O
                         net (fo=6, routed)           0.448     0.671    X_IBUF[2]
    SLICE_X64Y41         LUT6 (Prop_lut6_I3_O)        0.045     0.716 r  leds_OBUF[1]_inst_i_1/O
                         net (fo=2, routed)           0.648     1.364    leds_OBUF[4]
    W7                   OBUF (Prop_obuf_I_O)         1.212     2.576 r  leds_OBUF[1]_inst/O
                         net (fo=0)                   0.000     2.576    leds[1]
    W7                                                                r  leds[1] (OUT)
  -------------------------------------------------------------------    -------------------

Slack:                    inf
  Source:                 X[2]
                            (input port)
  Destination:            leds[2]
                            (output port)
  Path Group:             (none)
  Path Type:              Min at Fast Process Corner
  Data Path Delay:        2.584ns  (logic 1.498ns (57.988%)  route 1.086ns (42.012%))
  Logic Levels:           3  (IBUF=1 LUT6=1 OBUF=1)

    Location             Delay type                Incr(ns)  Path(ns)    Netlist Resource(s)
  -------------------------------------------------------------------    -------------------
    T1                                                0.000     0.000 r  X[2] (IN)
                         net (fo=0)                   0.000     0.000    X[2]
    T1                   IBUF (Prop_ibuf_I_O)         0.223     0.223 r  X_IBUF[2]_inst/O
                         net (fo=6, routed)           0.519     0.742    X_IBUF[2]
    SLICE_X65Y41         LUT6 (Prop_lut6_I2_O)        0.045     0.787 r  leds_OBUF[2]_inst_i_1/O
                         net (fo=1, routed)           0.567     1.354    leds_OBUF[2]
    W6                   OBUF (Prop_obuf_I_O)         1.230     2.584 r  leds_OBUF[2]_inst/O
                         net (fo=0)                   0.000     2.584    leds[2]
    W6                                                                r  leds[2] (OUT)
  -------------------------------------------------------------------    -------------------

Slack:                    inf
  Source:                 X[2]
                            (input port)
  Destination:            leds[5]
                            (output port)
  Path Group:             (none)
  Path Type:              Min at Fast Process Corner
  Data Path Delay:        2.585ns  (logic 1.489ns (57.614%)  route 1.096ns (42.386%))
  Logic Levels:           3  (IBUF=1 LUT6=1 OBUF=1)

    Location             Delay type                Incr(ns)  Path(ns)    Netlist Resource(s)
  -------------------------------------------------------------------    -------------------
    T1                                                0.000     0.000 r  X[2] (IN)
                         net (fo=0)                   0.000     0.000    X[2]
    T1                   IBUF (Prop_ibuf_I_O)         0.223     0.223 r  X_IBUF[2]_inst/O
                         net (fo=6, routed)           0.452     0.675    X_IBUF[2]
    SLICE_X64Y41         LUT6 (Prop_lut6_I0_O)        0.045     0.720 r  leds_OBUF[5]_inst_i_1/O
                         net (fo=1, routed)           0.644     1.364    leds_OBUF[5]
    U5                   OBUF (Prop_obuf_I_O)         1.221     2.585 r  leds_OBUF[5]_inst/O
                         net (fo=0)                   0.000     2.585    leds[5]
    U5                                                                r  leds[5] (OUT)
  -------------------------------------------------------------------    -------------------

Slack:                    inf
  Source:                 X[2]
                            (input port)
  Destination:            leds[4]
                            (output port)
  Path Group:             (none)
  Path Type:              Min at Fast Process Corner
  Data Path Delay:        2.716ns  (logic 1.505ns (55.406%)  route 1.211ns (44.594%))
  Logic Levels:           3  (IBUF=1 LUT6=1 OBUF=1)

    Location             Delay type                Incr(ns)  Path(ns)    Netlist Resource(s)
  -------------------------------------------------------------------    -------------------
    T1                                                0.000     0.000 r  X[2] (IN)
                         net (fo=0)                   0.000     0.000    X[2]
    T1                   IBUF (Prop_ibuf_I_O)         0.223     0.223 r  X_IBUF[2]_inst/O
                         net (fo=6, routed)           0.448     0.671    X_IBUF[2]
    SLICE_X64Y41         LUT6 (Prop_lut6_I3_O)        0.045     0.716 r  leds_OBUF[1]_inst_i_1/O
                         net (fo=2, routed)           0.763     1.479    leds_OBUF[4]
    V8                   OBUF (Prop_obuf_I_O)         1.236     2.716 r  leds_OBUF[4]_inst/O
                         net (fo=0)                   0.000     2.716    leds[4]
    V8                                                                r  leds[4] (OUT)
  -------------------------------------------------------------------    -------------------

Slack:                    inf
  Source:                 X[0]
                            (input port)
  Destination:            leds[3]
                            (output port)
  Path Group:             (none)
  Path Type:              Min at Fast Process Corner
  Data Path Delay:        2.734ns  (logic 1.563ns (57.147%)  route 1.172ns (42.853%))
  Logic Levels:           4  (IBUF=1 LUT2=1 LUT6=1 OBUF=1)

    Location             Delay type                Incr(ns)  Path(ns)    Netlist Resource(s)
  -------------------------------------------------------------------    -------------------
    W2                                                0.000     0.000 r  X[0] (IN)
                         net (fo=0)                   0.000     0.000    X[0]
    W2                   IBUF (Prop_ibuf_I_O)         0.237     0.237 r  X_IBUF[0]_inst/O
                         net (fo=3, routed)           0.362     0.598    X_IBUF[0]
    SLICE_X65Y41         LUT2 (Prop_lut2_I1_O)        0.045     0.643 r  leds_OBUF[1]_inst_i_3/O
                         net (fo=6, routed)           0.127     0.770    w1[0]
    SLICE_X65Y41         LUT6 (Prop_lut6_I1_O)        0.045     0.815 r  leds_OBUF[3]_inst_i_1/O
                         net (fo=1, routed)           0.683     1.498    leds_OBUF[3]
    U8                   OBUF (Prop_obuf_I_O)         1.236     2.734 r  leds_OBUF[3]_inst/O
                         net (fo=0)                   0.000     2.734    leds[3]
    U8                                                                r  leds[3] (OUT)
  -------------------------------------------------------------------    -------------------

Slack:                    inf
  Source:                 X[2]
                            (input port)
  Destination:            leds[6]
                            (output port)
  Path Group:             (none)
  Path Type:              Min at Fast Process Corner
  Data Path Delay:        2.767ns  (logic 1.474ns (53.261%)  route 1.293ns (46.739%))
  Logic Levels:           3  (IBUF=1 LUT6=1 OBUF=1)

    Location             Delay type                Incr(ns)  Path(ns)    Netlist Resource(s)
  -------------------------------------------------------------------    -------------------
    T1                                                0.000     0.000 r  X[2] (IN)
                         net (fo=0)                   0.000     0.000    X[2]
    T1                   IBUF (Prop_ibuf_I_O)         0.223     0.223 r  X_IBUF[2]_inst/O
                         net (fo=6, routed)           0.586     0.809    X_IBUF[2]
    SLICE_X64Y41         LUT6 (Prop_lut6_I4_O)        0.045     0.854 r  leds_OBUF[6]_inst_i_1/O
                         net (fo=1, routed)           0.707     1.562    leds_OBUF[6]
    V5                   OBUF (Prop_obuf_I_O)         1.206     2.767 r  leds_OBUF[6]_inst/O
                         net (fo=0)                   0.000     2.767    leds[6]
    V5                                                                r  leds[6] (OUT)
  -------------------------------------------------------------------    -------------------

Slack:                    inf
  Source:                 X[2]
                            (input port)
  Destination:            leds[7]
                            (output port)
  Path Group:             (none)
  Path Type:              Min at Fast Process Corner
  Data Path Delay:        2.846ns  (logic 1.501ns (52.722%)  route 1.346ns (47.278%))
  Logic Levels:           3  (IBUF=1 LUT6=1 OBUF=1)

    Location             Delay type                Incr(ns)  Path(ns)    Netlist Resource(s)
  -------------------------------------------------------------------    -------------------
    T1                                                0.000     0.000 r  X[2] (IN)
                         net (fo=0)                   0.000     0.000    X[2]
    T1                   IBUF (Prop_ibuf_I_O)         0.223     0.223 r  X_IBUF[2]_inst/O
                         net (fo=6, routed)           0.555     0.778    X_IBUF[2]
    SLICE_X64Y41         LUT6 (Prop_lut6_I1_O)        0.045     0.823 r  leds_OBUF[7]_inst_i_1/O
                         net (fo=1, routed)           0.791     1.614    leds_OBUF[7]
    U7                   OBUF (Prop_obuf_I_O)         1.232     2.846 r  leds_OBUF[7]_inst/O
                         net (fo=0)                   0.000     2.846    leds[7]
    U7                                                                r  leds[7] (OUT)
  -------------------------------------------------------------------    -------------------





